[
  {
    "level": "INFO",
    "message": "android.ndkVersion from module build.gradle is not set"
  },
  {
    "level": "INFO",
    "message": "ndk.dir in local.properties is E:\\software\\android\\ndk\\21.4.7075529"
  },
  {
    "level": "INFO",
    "message": "ANDROID_NDK_HOME environment variable is not set"
  },
  {
    "level": "INFO",
    "message": "sdkFolder is E:\\software\\android"
  },
  {
    "level": "INFO",
    "message": "Considering E:\\software\\android\\ndk\\21.4.7075529 by ndk.dir"
  },
  {
    "level": "INFO",
    "message": "Considering E:\\software\\android\\ndk-bundle in SDK ndk-bundle folder"
  },
  {
    "level": "INFO",
    "message": "Considering E:\\software\\android\\ndk\\21.1.6352462 in SDK ndk folder"
  },
  {
    "level": "INFO",
    "message": "Considering E:\\software\\android\\ndk\\21.4.7075529 in SDK ndk folder"
  },
  {
    "level": "INFO",
    "message": "Rejected E:\\software\\android\\ndk-bundle in SDK ndk-bundle folder because that location has no source.properties"
  },
  {
    "level": "INFO",
    "message": "Found requested ndk.dir (E:\\software\\android\\ndk\\21.4.7075529) which has version 21.4.7075529"
  }
]